CRITICAL - 2024-07-17 00:24:23 --> Error: Object of class CodeIgniter\Router\RouteCollection could not be converted to string
[Method: GET, Route: registro]
in APPPATH\Config\Routes.php on line 17.
 1 SYSTEMPATH\Router\RouteCollection.php(340): require()
 2 SYSTEMPATH\CodeIgniter.php(823): CodeIgniter\Router\RouteCollection->loadRoutes()
 3 SYSTEMPATH\CodeIgniter.php(457): CodeIgniter\CodeIgniter->tryToRouteIt(null)
 4 SYSTEMPATH\CodeIgniter.php(355): CodeIgniter\CodeIgniter->handleRequest(null, Object(Config\Cache), false)
 5 SYSTEMPATH\Boot.php(312): CodeIgniter\CodeIgniter->run()
 6 SYSTEMPATH\Boot.php(67): CodeIgniter\Boot::runCodeIgniter(Object(CodeIgniter\CodeIgniter))
 7 FCPATH\index.php(56): CodeIgniter\Boot::bootWeb(Object(Config\Paths))
INFO - 2024-07-17 00:24:48 --> Session: Class initialized using 'CodeIgniter\Session\Handlers\FileHandler' driver.
CRITICAL - 2024-07-17 00:25:25 --> ArgumentCountError: Too few arguments to function CodeIgniter\Controller::validate(), 0 passed in C:\wamp64\www\primer_proyecto\app\Controllers\UsuarioController.php on line 37 and at least 1 expected
[Method: POST, Route: enviarForm]
in SYSTEMPATH\Controller.php on line 133.
 1 APPPATH\Controllers\UsuarioController.php(37): CodeIgniter\Controller->validate()
 2 SYSTEMPATH\CodeIgniter.php(933): App\Controllers\UsuarioController->formValidation()
 3 SYSTEMPATH\CodeIgniter.php(509): CodeIgniter\CodeIgniter->runController(Object(App\Controllers\UsuarioController))
 4 SYSTEMPATH\CodeIgniter.php(355): CodeIgniter\CodeIgniter->handleRequest(null, Object(Config\Cache), false)
 5 SYSTEMPATH\Boot.php(312): CodeIgniter\CodeIgniter->run()
 6 SYSTEMPATH\Boot.php(67): CodeIgniter\Boot::runCodeIgniter(Object(CodeIgniter\CodeIgniter))
 7 FCPATH\index.php(56): CodeIgniter\Boot::bootWeb(Object(Config\Paths))
INFO - 2024-07-17 00:30:14 --> Session: Class initialized using 'CodeIgniter\Session\Handlers\FileHandler' driver.
CRITICAL - 2024-07-17 00:30:18 --> Error: Call to undefined method App\Controllers\UsuarioController::validator()
[Method: POST, Route: enviarForm]
in APPPATH\Controllers\UsuarioController.php on line 37.
 1 SYSTEMPATH\CodeIgniter.php(933): App\Controllers\UsuarioController->formValidation()
 2 SYSTEMPATH\CodeIgniter.php(509): CodeIgniter\CodeIgniter->runController(Object(App\Controllers\UsuarioController))
 3 SYSTEMPATH\CodeIgniter.php(355): CodeIgniter\CodeIgniter->handleRequest(null, Object(Config\Cache), false)
 4 SYSTEMPATH\Boot.php(312): CodeIgniter\CodeIgniter->run()
 5 SYSTEMPATH\Boot.php(67): CodeIgniter\Boot::runCodeIgniter(Object(CodeIgniter\CodeIgniter))
 6 FCPATH\index.php(56): CodeIgniter\Boot::bootWeb(Object(Config\Paths))
INFO - 2024-07-17 00:31:48 --> Session: Class initialized using 'CodeIgniter\Session\Handlers\FileHandler' driver.
CRITICAL - 2024-07-17 00:31:52 --> Error: Xdebug has detected a possible infinite loop, and aborted your script with a stack depth of '256' frames
[Method: POST, Route: enviarForm]
in SYSTEMPATH\HTTP\URI.php on line 211.
 1 SYSTEMPATH\HTTP\URI.php(211): explode('/', '/primer_proyecto')
 2 SYSTEMPATH\HTTP\URI.php(1011): CodeIgniter\HTTP\URI::removeDotSegments('/primer_proyecto')
 3 SYSTEMPATH\HTTP\URI.php(1045): CodeIgniter\HTTP\URI->filterPath('/primer_proyecto')
 4 SYSTEMPATH\HTTP\URI.php(315): CodeIgniter\HTTP\URI->applyParts([...])
 5 SYSTEMPATH\HTTP\URI.php(259): CodeIgniter\HTTP\URI->setURI('http://localhost/primer_proyecto')
 6 SYSTEMPATH\HTTP\URI.php(655): CodeIgniter\HTTP\URI->__construct('http://localhost/primer_proyecto')
 7 SYSTEMPATH\HTTP\URI.php(634): CodeIgniter\HTTP\URI->changeSchemeAndPath('http', '/primer_proyecto/')
 8 SYSTEMPATH\HTTP\SiteURI.php(113): CodeIgniter\HTTP\URI->__toString()
 9 SYSTEMPATH\HTTP\SiteURI.php(388): CodeIgniter\HTTP\SiteURI->__construct(Object(Config\App), 'assets/bootstrap/css/bootstrap.min.css', 'localhost', null)
10 SYSTEMPATH\Helpers\url_helper.php(59): CodeIgniter\HTTP\SiteURI->baseUrl('assets/bootstrap/css/bootstrap.min.css', null)
11 APPPATH\Views\front\head_view.php(11): base_url('assets/bootstrap/css/bootstrap.min.css')
12 SYSTEMPATH\View\View.php(234): include('C:\\wamp64\\www\\primer_proyecto\\app\\Views\\front\\head_view.php')
13 SYSTEMPATH\View\View.php(237): CodeIgniter\View\View->CodeIgniter\View\{closure}()
14 SYSTEMPATH\Common.php(1171): CodeIgniter\View\View->render('front/head_view', [], true)
15 APPPATH\Controllers\UsuarioController.php(35): view('front/head_view', [...])
16 APPPATH\Controllers\UsuarioController.php(37): App\Controllers\UsuarioController->formValidation()
17 APPPATH\Controllers\UsuarioController.php(37): App\Controllers\UsuarioController->formValidation()
18 APPPATH\Controllers\UsuarioController.php(37): App\Controllers\UsuarioController->formValidation()
19 APPPATH\Controllers\UsuarioController.php(37): App\Controllers\UsuarioController->formValidation()
20 APPPATH\Controllers\UsuarioController.php(37): App\Controllers\UsuarioController->formValidation()
21 APPPATH\Controllers\UsuarioController.php(37): App\Controllers\UsuarioController->formValidation()
22 APPPATH\Controllers\UsuarioController.php(37): App\Controllers\UsuarioController->formValidation()
23 APPPATH\Controllers\UsuarioController.php(37): App\Controllers\UsuarioController->formValidation()
24 APPPATH\Controllers\UsuarioController.php(37): App\Controllers\UsuarioController->formValidation()
25 APPPATH\Controllers\UsuarioController.php(37): App\Controllers\UsuarioController->formValidation()
26 APPPATH\Controllers\UsuarioController.php(37): App\Controllers\UsuarioController->formValidation()
27 APPPATH\Controllers\UsuarioController.php(37): App\Controllers\UsuarioController->formValidation()
28 APPPATH\Controllers\UsuarioController.php(37): App\Controllers\UsuarioController->formValidation()
29 APPPATH\Controllers\UsuarioController.php(37): App\Controllers\UsuarioController->formValidation()
30 APPPATH\Controllers\UsuarioController.php(37): App\Controllers\UsuarioController->formValidation()
31 APPPATH\Controllers\UsuarioController.php(37): App\Controllers\UsuarioController->formValidation()
32 APPPATH\Controllers\UsuarioController.php(37): App\Controllers\UsuarioController->formValidation()
33 APPPATH\Controllers\UsuarioController.php(37): App\Controllers\UsuarioController->formValidation()
34 APPPATH\Controllers\UsuarioController.php(37): App\Controllers\UsuarioController->formValidation()
35 APPPATH\Controllers\UsuarioController.php(37): App\Controllers\UsuarioController->formValidation()
36 APPPATH\Controllers\UsuarioController.php(37): App\Controllers\UsuarioController->formValidation()
37 APPPATH\Controllers\UsuarioController.php(37): App\Controllers\UsuarioController->formValidation()
38 APPPATH\Controllers\UsuarioController.php(37): App\Controllers\UsuarioController->formValidation()
39 APPPATH\Controllers\UsuarioController.php(37): App\Controllers\UsuarioController->formValidation()
40 APPPATH\Controllers\UsuarioController.php(37): App\Controllers\UsuarioController->formValidation()
41 APPPATH\Controllers\UsuarioController.php(37): App\Controllers\UsuarioController->formValidation()
42 APPPATH\Controllers\UsuarioController.php(37): App\Controllers\UsuarioController->formValidation()
43 APPPATH\Controllers\UsuarioController.php(37): App\Controllers\UsuarioController->formValidation()
44 APPPATH\Controllers\UsuarioController.php(37): App\Controllers\UsuarioController->formValidation()
45 APPPATH\Controllers\UsuarioController.php(37): App\Controllers\UsuarioController->formValidation()
46 APPPATH\Controllers\UsuarioController.php(37): App\Controllers\UsuarioController->formValidation()
47 APPPATH\Controllers\UsuarioController.php(37): App\Controllers\UsuarioController->formValidation()
48 APPPATH\Controllers\UsuarioController.php(37): App\Controllers\UsuarioController->formValidation()
49 APPPATH\Controllers\UsuarioController.php(37): App\Controllers\UsuarioController->formValidation()
50 APPPATH\Controllers\UsuarioController.php(37): App\Controllers\UsuarioController->formValidation()
51 APPPATH\Controllers\UsuarioController.php(37): App\Controllers\UsuarioController->formValidation()
52 APPPATH\Controllers\UsuarioController.php(37): App\Controllers\UsuarioController->formValidation()
53 APPPATH\Controllers\UsuarioController.php(37): App\Controllers\UsuarioController->formValidation()
54 APPPATH\Controllers\UsuarioController.php(37): App\Controllers\UsuarioController->formValidation()
55 APPPATH\Controllers\UsuarioController.php(37): App\Controllers\UsuarioController->formValidation()
56 APPPATH\Controllers\UsuarioController.php(37): App\Controllers\UsuarioController->formValidation()
57 APPPATH\Controllers\UsuarioController.php(37): App\Controllers\UsuarioController->formValidation()
58 APPPATH\Controllers\UsuarioController.php(37): App\Controllers\UsuarioController->formValidation()
59 APPPATH\Controllers\UsuarioController.php(37): App\Controllers\UsuarioController->formValidation()
60 APPPATH\Controllers\UsuarioController.php(37): App\Controllers\UsuarioController->formValidation()
61 APPPATH\Controllers\UsuarioController.php(37): App\Controllers\UsuarioController->formValidation()
62 APPPATH\Controllers\UsuarioController.php(37): App\Controllers\UsuarioController->formValidation()
63 APPPATH\Controllers\UsuarioController.php(37): App\Controllers\UsuarioController->formValidation()
64 APPPATH\Controllers\UsuarioController.php(37): App\Controllers\UsuarioController->formValidation()
65 APPPATH\Controllers\UsuarioController.php(37): App\Controllers\UsuarioController->formValidation()
66 APPPATH\Controllers\UsuarioController.php(37): App\Controllers\UsuarioController->formValidation()
67 APPPATH\Controllers\UsuarioController.php(37): App\Controllers\UsuarioController->formValidation()
68 APPPATH\Controllers\UsuarioController.php(37): App\Controllers\UsuarioController->formValidation()
69 APPPATH\Controllers\UsuarioController.php(37): App\Controllers\UsuarioController->formValidation()
70 APPPATH\Controllers\UsuarioController.php(37): App\Controllers\UsuarioController->formValidation()
71 APPPATH\Controllers\UsuarioController.php(37): App\Controllers\UsuarioController->formValidation()
72 APPPATH\Controllers\UsuarioController.php(37): App\Controllers\UsuarioController->formValidation()
73 APPPATH\Controllers\UsuarioController.php(37): App\Controllers\UsuarioController->formValidation()
74 APPPATH\Controllers\UsuarioController.php(37): App\Controllers\UsuarioController->formValidation()
75 APPPATH\Controllers\UsuarioController.php(37): App\Controllers\UsuarioController->formValidation()
76 APPPATH\Controllers\UsuarioController.php(37): App\Controllers\UsuarioController->formValidation()
77 APPPATH\Controllers\UsuarioController.php(37): App\Controllers\UsuarioController->formValidation()
78 APPPATH\Controllers\UsuarioController.php(37): App\Controllers\UsuarioController->formValidation()
79 APPPATH\Controllers\UsuarioController.php(37): App\Controllers\UsuarioController->formValidation()
80 APPPATH\Controllers\UsuarioController.php(37): App\Controllers\UsuarioController->formValidation()
81 APPPATH\Controllers\UsuarioController.php(37): App\Controllers\UsuarioController->formValidation()
82 APPPATH\Controllers\UsuarioController.php(37): App\Controllers\UsuarioController->formValidation()
83 APPPATH\Controllers\UsuarioController.php(37): App\Controllers\UsuarioController->formValidation()
84 APPPATH\Controllers\UsuarioController.php(37): App\Controllers\UsuarioController->formValidation()
85 APPPATH\Controllers\UsuarioController.php(37): App\Controllers\UsuarioController->formValidation()
86 APPPATH\Controllers\UsuarioController.php(37): App\Controllers\UsuarioController->formValidation()
87 APPPATH\Controllers\UsuarioController.php(37): App\Controllers\UsuarioController->formValidation()
88 APPPATH\Controllers\UsuarioController.php(37): App\Controllers\UsuarioController->formValidation()
89 APPPATH\Controllers\UsuarioController.php(37): App\Controllers\UsuarioController->formValidation()
90 APPPATH\Controllers\UsuarioController.php(37): App\Controllers\UsuarioController->formValidation()
91 APPPATH\Controllers\UsuarioController.php(37): App\Controllers\UsuarioController->formValidation()
92 APPPATH\Controllers\UsuarioController.php(37): App\Controllers\UsuarioController->formValidation()
93 APPPATH\Controllers\UsuarioController.php(37): App\Controllers\UsuarioController->formValidation()
94 APPPATH\Controllers\UsuarioController.php(37): App\Controllers\UsuarioController->formValidation()
95 APPPATH\Controllers\UsuarioController.php(37): App\Controllers\UsuarioController->formValidation()
96 APPPATH\Controllers\UsuarioController.php(37): App\Controllers\UsuarioController->formValidation()
97 APPPATH\Controllers\UsuarioController.php(37): App\Controllers\UsuarioController->formValidation()
98 APPPATH\Controllers\UsuarioController.php(37): App\Controllers\UsuarioController->formValidation()
99 APPPATH\Controllers\UsuarioController.php(37): App\Controllers\UsuarioController->formValidation()
100 APPPATH\Controllers\UsuarioController.php(37): App\Controllers\UsuarioController->formValidation()
101 APPPATH\Controllers\UsuarioController.php(37): App\Controllers\UsuarioController->formValidation()
102 APPPATH\Controllers\UsuarioController.php(37): App\Controllers\UsuarioController->formValidation()
103 APPPATH\Controllers\UsuarioController.php(37): App\Controllers\UsuarioController->formValidation()
104 APPPATH\Controllers\UsuarioController.php(37): App\Controllers\UsuarioController->formValidation()
105 APPPATH\Controllers\UsuarioController.php(37): App\Controllers\UsuarioController->formValidation()
106 APPPATH\Controllers\UsuarioController.php(37): App\Controllers\UsuarioController->formValidation()
107 APPPATH\Controllers\UsuarioController.php(37): App\Controllers\UsuarioController->formValidation()
108 APPPATH\Controllers\UsuarioController.php(37): App\Controllers\UsuarioController->formValidation()
109 APPPATH\Controllers\UsuarioController.php(37): App\Controllers\UsuarioController->formValidation()
110 APPPATH\Controllers\UsuarioController.php(37): App\Controllers\UsuarioController->formValidation()
111 APPPATH\Controllers\UsuarioController.php(37): App\Controllers\UsuarioController->formValidation()
112 APPPATH\Controllers\UsuarioController.php(37): App\Controllers\UsuarioController->formValidation()
113 APPPATH\Controllers\UsuarioController.php(37): App\Controllers\UsuarioController->formValidation()
114 APPPATH\Controllers\UsuarioController.php(37): App\Controllers\UsuarioController->formValidation()
115 APPPATH\Controllers\UsuarioController.php(37): App\Controllers\UsuarioController->formValidation()
116 APPPATH\Controllers\UsuarioController.php(37): App\Controllers\UsuarioController->formValidation()
117 APPPATH\Controllers\UsuarioController.php(37): App\Controllers\UsuarioController->formValidation()
118 APPPATH\Controllers\UsuarioController.php(37): App\Controllers\UsuarioController->formValidation()
119 APPPATH\Controllers\UsuarioController.php(37): App\Controllers\UsuarioController->formValidation()
120 APPPATH\Controllers\UsuarioController.php(37): App\Controllers\UsuarioController->formValidation()
121 APPPATH\Controllers\UsuarioController.php(37): App\Controllers\UsuarioController->formValidation()
122 APPPATH\Controllers\UsuarioController.php(37): App\Controllers\UsuarioController->formValidation()
123 APPPATH\Controllers\UsuarioController.php(37): App\Controllers\UsuarioController->formValidation()
124 APPPATH\Controllers\UsuarioController.php(37): App\Controllers\UsuarioController->formValidation()
125 APPPATH\Controllers\UsuarioController.php(37): App\Controllers\UsuarioController->formValidation()
126 APPPATH\Controllers\UsuarioController.php(37): App\Controllers\UsuarioController->formValidation()
127 APPPATH\Controllers\UsuarioController.php(37): App\Controllers\UsuarioController->formValidation()
128 APPPATH\Controllers\UsuarioController.php(37): App\Controllers\UsuarioController->formValidation()
129 APPPATH\Controllers\UsuarioController.php(37): App\Controllers\UsuarioController->formValidation()
130 APPPATH\Controllers\UsuarioController.php(37): App\Controllers\UsuarioController->formValidation()
131 APPPATH\Controllers\UsuarioController.php(37): App\Controllers\UsuarioController->formValidation()
132 APPPATH\Controllers\UsuarioController.php(37): App\Controllers\UsuarioController->formValidation()
133 APPPATH\Controllers\UsuarioController.php(37): App\Controllers\UsuarioController->formValidation()
134 APPPATH\Controllers\UsuarioController.php(37): App\Controllers\UsuarioController->formValidation()
135 APPPATH\Controllers\UsuarioController.php(37): App\Controllers\UsuarioController->formValidation()
136 APPPATH\Controllers\UsuarioController.php(37): App\Controllers\UsuarioController->formValidation()
137 APPPATH\Controllers\UsuarioController.php(37): App\Controllers\UsuarioController->formValidation()
138 APPPATH\Controllers\UsuarioController.php(37): App\Controllers\UsuarioController->formValidation()
139 APPPATH\Controllers\UsuarioController.php(37): App\Controllers\UsuarioController->formValidation()
140 APPPATH\Controllers\UsuarioController.php(37): App\Controllers\UsuarioController->formValidation()
141 APPPATH\Controllers\UsuarioController.php(37): App\Controllers\UsuarioController->formValidation()
142 APPPATH\Controllers\UsuarioController.php(37): App\Controllers\UsuarioController->formValidation()
143 APPPATH\Controllers\UsuarioController.php(37): App\Controllers\UsuarioController->formValidation()
144 APPPATH\Controllers\UsuarioController.php(37): App\Controllers\UsuarioController->formValidation()
145 APPPATH\Controllers\UsuarioController.php(37): App\Controllers\UsuarioController->formValidation()
146 APPPATH\Controllers\UsuarioController.php(37): App\Controllers\UsuarioController->formValidation()
147 APPPATH\Controllers\UsuarioController.php(37): App\Controllers\UsuarioController->formValidation()
148 APPPATH\Controllers\UsuarioController.php(37): App\Controllers\UsuarioController->formValidation()
149 APPPATH\Controllers\UsuarioController.php(37): App\Controllers\UsuarioController->formValidation()
150 APPPATH\Controllers\UsuarioController.php(37): App\Controllers\UsuarioController->formValidation()
151 APPPATH\Controllers\UsuarioController.php(37): App\Controllers\UsuarioController->formValidation()
152 APPPATH\Controllers\UsuarioController.php(37): App\Controllers\UsuarioController->formValidation()
153 APPPATH\Controllers\UsuarioController.php(37): App\Controllers\UsuarioController->formValidation()
154 APPPATH\Controllers\UsuarioController.php(37): App\Controllers\UsuarioController->formValidation()
155 APPPATH\Controllers\UsuarioController.php(37): App\Controllers\UsuarioController->formValidation()
156 APPPATH\Controllers\UsuarioController.php(37): App\Controllers\UsuarioController->formValidation()
157 APPPATH\Controllers\UsuarioController.php(37): App\Controllers\UsuarioController->formValidation()
158 APPPATH\Controllers\UsuarioController.php(37): App\Controllers\UsuarioController->formValidation()
159 APPPATH\Controllers\UsuarioController.php(37): App\Controllers\UsuarioController->formValidation()
160 APPPATH\Controllers\UsuarioController.php(37): App\Controllers\UsuarioController->formValidation()
161 APPPATH\Controllers\UsuarioController.php(37): App\Controllers\UsuarioController->formValidation()
162 APPPATH\Controllers\UsuarioController.php(37): App\Controllers\UsuarioController->formValidation()
163 APPPATH\Controllers\UsuarioController.php(37): App\Controllers\UsuarioController->formValidation()
164 APPPATH\Controllers\UsuarioController.php(37): App\Controllers\UsuarioController->formValidation()
165 APPPATH\Controllers\UsuarioController.php(37): App\Controllers\UsuarioController->formValidation()
166 APPPATH\Controllers\UsuarioController.php(37): App\Controllers\UsuarioController->formValidation()
167 APPPATH\Controllers\UsuarioController.php(37): App\Controllers\UsuarioController->formValidation()
168 APPPATH\Controllers\UsuarioController.php(37): App\Controllers\UsuarioController->formValidation()
169 APPPATH\Controllers\UsuarioController.php(37): App\Controllers\UsuarioController->formValidation()
170 APPPATH\Controllers\UsuarioController.php(37): App\Controllers\UsuarioController->formValidation()
171 APPPATH\Controllers\UsuarioController.php(37): App\Controllers\UsuarioController->formValidation()
172 APPPATH\Controllers\UsuarioController.php(37): App\Controllers\UsuarioController->formValidation()
173 APPPATH\Controllers\UsuarioController.php(37): App\Controllers\UsuarioController->formValidation()
174 APPPATH\Controllers\UsuarioController.php(37): App\Controllers\UsuarioController->formValidation()
175 APPPATH\Controllers\UsuarioController.php(37): App\Controllers\UsuarioController->formValidation()
176 APPPATH\Controllers\UsuarioController.php(37): App\Controllers\UsuarioController->formValidation()
177 APPPATH\Controllers\UsuarioController.php(37): App\Controllers\UsuarioController->formValidation()
178 APPPATH\Controllers\UsuarioController.php(37): App\Controllers\UsuarioController->formValidation()
179 APPPATH\Controllers\UsuarioController.php(37): App\Controllers\UsuarioController->formValidation()
180 APPPATH\Controllers\UsuarioController.php(37): App\Controllers\UsuarioController->formValidation()
181 APPPATH\Controllers\UsuarioController.php(37): App\Controllers\UsuarioController->formValidation()
182 APPPATH\Controllers\UsuarioController.php(37): App\Controllers\UsuarioController->formValidation()
183 APPPATH\Controllers\UsuarioController.php(37): App\Controllers\UsuarioController->formValidation()
184 APPPATH\Controllers\UsuarioController.php(37): App\Controllers\UsuarioController->formValidation()
185 APPPATH\Controllers\UsuarioController.php(37): App\Controllers\UsuarioController->formValidation()
186 APPPATH\Controllers\UsuarioController.php(37): App\Controllers\UsuarioController->formValidation()
187 APPPATH\Controllers\UsuarioController.php(37): App\Controllers\UsuarioController->formValidation()
188 APPPATH\Controllers\UsuarioController.php(37): App\Controllers\UsuarioController->formValidation()
189 APPPATH\Controllers\UsuarioController.php(37): App\Controllers\UsuarioController->formValidation()
190 APPPATH\Controllers\UsuarioController.php(37): App\Controllers\UsuarioController->formValidation()
191 APPPATH\Controllers\UsuarioController.php(37): App\Controllers\UsuarioController->formValidation()
192 APPPATH\Controllers\UsuarioController.php(37): App\Controllers\UsuarioController->formValidation()
193 APPPATH\Controllers\UsuarioController.php(37): App\Controllers\UsuarioController->formValidation()
194 APPPATH\Controllers\UsuarioController.php(37): App\Controllers\UsuarioController->formValidation()
195 APPPATH\Controllers\UsuarioController.php(37): App\Controllers\UsuarioController->formValidation()
196 APPPATH\Controllers\UsuarioController.php(37): App\Controllers\UsuarioController->formValidation()
197 APPPATH\Controllers\UsuarioController.php(37): App\Controllers\UsuarioController->formValidation()
198 APPPATH\Controllers\UsuarioController.php(37): App\Controllers\UsuarioController->formValidation()
199 APPPATH\Controllers\UsuarioController.php(37): App\Controllers\UsuarioController->formValidation()
200 APPPATH\Controllers\UsuarioController.php(37): App\Controllers\UsuarioController->formValidation()
201 APPPATH\Controllers\UsuarioController.php(37): App\Controllers\UsuarioController->formValidation()
202 APPPATH\Controllers\UsuarioController.php(37): App\Controllers\UsuarioController->formValidation()
203 APPPATH\Controllers\UsuarioController.php(37): App\Controllers\UsuarioController->formValidation()
204 APPPATH\Controllers\UsuarioController.php(37): App\Controllers\UsuarioController->formValidation()
205 APPPATH\Controllers\UsuarioController.php(37): App\Controllers\UsuarioController->formValidation()
206 APPPATH\Controllers\UsuarioController.php(37): App\Controllers\UsuarioController->formValidation()
207 APPPATH\Controllers\UsuarioController.php(37): App\Controllers\UsuarioController->formValidation()
208 APPPATH\Controllers\UsuarioController.php(37): App\Controllers\UsuarioController->formValidation()
209 APPPATH\Controllers\UsuarioController.php(37): App\Controllers\UsuarioController->formValidation()
210 APPPATH\Controllers\UsuarioController.php(37): App\Controllers\UsuarioController->formValidation()
211 APPPATH\Controllers\UsuarioController.php(37): App\Controllers\UsuarioController->formValidation()
212 APPPATH\Controllers\UsuarioController.php(37): App\Controllers\UsuarioController->formValidation()
213 APPPATH\Controllers\UsuarioController.php(37): App\Controllers\UsuarioController->formValidation()
214 APPPATH\Controllers\UsuarioController.php(37): App\Controllers\UsuarioController->formValidation()
215 APPPATH\Controllers\UsuarioController.php(37): App\Controllers\UsuarioController->formValidation()
216 APPPATH\Controllers\UsuarioController.php(37): App\Controllers\UsuarioController->formValidation()
217 APPPATH\Controllers\UsuarioController.php(37): App\Controllers\UsuarioController->formValidation()
218 APPPATH\Controllers\UsuarioController.php(37): App\Controllers\UsuarioController->formValidation()
219 APPPATH\Controllers\UsuarioController.php(37): App\Controllers\UsuarioController->formValidation()
220 APPPATH\Controllers\UsuarioController.php(37): App\Controllers\UsuarioController->formValidation()
221 APPPATH\Controllers\UsuarioController.php(37): App\Controllers\UsuarioController->formValidation()
222 APPPATH\Controllers\UsuarioController.php(37): App\Controllers\UsuarioController->formValidation()
223 APPPATH\Controllers\UsuarioController.php(37): App\Controllers\UsuarioController->formValidation()
224 APPPATH\Controllers\UsuarioController.php(37): App\Controllers\UsuarioController->formValidation()
225 APPPATH\Controllers\UsuarioController.php(37): App\Controllers\UsuarioController->formValidation()
226 APPPATH\Controllers\UsuarioController.php(37): App\Controllers\UsuarioController->formValidation()
227 APPPATH\Controllers\UsuarioController.php(37): App\Controllers\UsuarioController->formValidation()
228 APPPATH\Controllers\UsuarioController.php(37): App\Controllers\UsuarioController->formValidation()
229 APPPATH\Controllers\UsuarioController.php(37): App\Controllers\UsuarioController->formValidation()
230 APPPATH\Controllers\UsuarioController.php(37): App\Controllers\UsuarioController->formValidation()
231 APPPATH\Controllers\UsuarioController.php(37): App\Controllers\UsuarioController->formValidation()
232 APPPATH\Controllers\UsuarioController.php(37): App\Controllers\UsuarioController->formValidation()
233 APPPATH\Controllers\UsuarioController.php(37): App\Controllers\UsuarioController->formValidation()
234 APPPATH\Controllers\UsuarioController.php(37): App\Controllers\UsuarioController->formValidation()
235 APPPATH\Controllers\UsuarioController.php(37): App\Controllers\UsuarioController->formValidation()
236 APPPATH\Controllers\UsuarioController.php(37): App\Controllers\UsuarioController->formValidation()
237 APPPATH\Controllers\UsuarioController.php(37): App\Controllers\UsuarioController->formValidation()
238 APPPATH\Controllers\UsuarioController.php(37): App\Controllers\UsuarioController->formValidation()
239 APPPATH\Controllers\UsuarioController.php(37): App\Controllers\UsuarioController->formValidation()
240 APPPATH\Controllers\UsuarioController.php(37): App\Controllers\UsuarioController->formValidation()
241 APPPATH\Controllers\UsuarioController.php(37): App\Controllers\UsuarioController->formValidation()
242 APPPATH\Controllers\UsuarioController.php(37): App\Controllers\UsuarioController->formValidation()
243 APPPATH\Controllers\UsuarioController.php(37): App\Controllers\UsuarioController->formValidation()
244 APPPATH\Controllers\UsuarioController.php(37): App\Controllers\UsuarioController->formValidation()
245 APPPATH\Controllers\UsuarioController.php(37): App\Controllers\UsuarioController->formValidation()
246 APPPATH\Controllers\UsuarioController.php(37): App\Controllers\UsuarioController->formValidation()
247 APPPATH\Controllers\UsuarioController.php(37): App\Controllers\UsuarioController->formValidation()
248 APPPATH\Controllers\UsuarioController.php(37): App\Controllers\UsuarioController->formValidation()
249 APPPATH\Controllers\UsuarioController.php(37): App\Controllers\UsuarioController->formValidation()
250 APPPATH\Controllers\UsuarioController.php(37): App\Controllers\UsuarioController->formValidation()
251 SYSTEMPATH\CodeIgniter.php(933): App\Controllers\UsuarioController->formValidation()
252 SYSTEMPATH\CodeIgniter.php(509): CodeIgniter\CodeIgniter->runController(Object(App\Controllers\UsuarioController))
253 SYSTEMPATH\CodeIgniter.php(355): CodeIgniter\CodeIgniter->handleRequest(null, Object(Config\Cache), false)
254 SYSTEMPATH\Boot.php(312): CodeIgniter\CodeIgniter->run()
255 SYSTEMPATH\Boot.php(67): CodeIgniter\Boot::runCodeIgniter(Object(CodeIgniter\CodeIgniter))
256 FCPATH\index.php(56): CodeIgniter\Boot::bootWeb(Object(Config\Paths))
INFO - 2024-07-17 00:34:11 --> Session: Class initialized using 'CodeIgniter\Session\Handlers\FileHandler' driver.
INFO - 2024-07-17 00:51:29 --> Session: Class initialized using 'CodeIgniter\Session\Handlers\FileHandler' driver.
CRITICAL - 2024-07-17 00:51:52 --> Error: Xdebug has detected a possible infinite loop, and aborted your script with a stack depth of '256' frames
[Method: POST, Route: enviarForm]
in SYSTEMPATH\HTTP\URI.php on line 211.
 1 SYSTEMPATH\HTTP\URI.php(211): explode('/', '/primer_proyecto')
 2 SYSTEMPATH\HTTP\URI.php(1011): CodeIgniter\HTTP\URI::removeDotSegments('/primer_proyecto')
 3 SYSTEMPATH\HTTP\URI.php(1045): CodeIgniter\HTTP\URI->filterPath('/primer_proyecto')
 4 SYSTEMPATH\HTTP\URI.php(315): CodeIgniter\HTTP\URI->applyParts([...])
 5 SYSTEMPATH\HTTP\URI.php(259): CodeIgniter\HTTP\URI->setURI('http://localhost/primer_proyecto')
 6 SYSTEMPATH\HTTP\URI.php(655): CodeIgniter\HTTP\URI->__construct('http://localhost/primer_proyecto')
 7 SYSTEMPATH\HTTP\URI.php(634): CodeIgniter\HTTP\URI->changeSchemeAndPath('http', '/primer_proyecto/')
 8 SYSTEMPATH\HTTP\SiteURI.php(113): CodeIgniter\HTTP\URI->__toString()
 9 SYSTEMPATH\HTTP\SiteURI.php(388): CodeIgniter\HTTP\SiteURI->__construct(Object(Config\App), 'assets/bootstrap/css/bootstrap.min.css', 'localhost', null)
10 SYSTEMPATH\Helpers\url_helper.php(59): CodeIgniter\HTTP\SiteURI->baseUrl('assets/bootstrap/css/bootstrap.min.css', null)
11 APPPATH\Views\front\head_view.php(11): base_url('assets/bootstrap/css/bootstrap.min.css')
12 SYSTEMPATH\View\View.php(234): include('C:\\wamp64\\www\\primer_proyecto\\app\\Views\\front\\head_view.php')
13 SYSTEMPATH\View\View.php(237): CodeIgniter\View\View->CodeIgniter\View\{closure}()
14 SYSTEMPATH\Common.php(1171): CodeIgniter\View\View->render('front/head_view', [], true)
15 APPPATH\Controllers\UsuarioController.php(35): view('front/head_view', [...])
16 APPPATH\Controllers\UsuarioController.php(37): App\Controllers\UsuarioController->formValidation()
17 APPPATH\Controllers\UsuarioController.php(37): App\Controllers\UsuarioController->formValidation()
18 APPPATH\Controllers\UsuarioController.php(37): App\Controllers\UsuarioController->formValidation()
19 APPPATH\Controllers\UsuarioController.php(37): App\Controllers\UsuarioController->formValidation()
20 APPPATH\Controllers\UsuarioController.php(37): App\Controllers\UsuarioController->formValidation()
21 APPPATH\Controllers\UsuarioController.php(37): App\Controllers\UsuarioController->formValidation()
22 APPPATH\Controllers\UsuarioController.php(37): App\Controllers\UsuarioController->formValidation()
23 APPPATH\Controllers\UsuarioController.php(37): App\Controllers\UsuarioController->formValidation()
24 APPPATH\Controllers\UsuarioController.php(37): App\Controllers\UsuarioController->formValidation()
25 APPPATH\Controllers\UsuarioController.php(37): App\Controllers\UsuarioController->formValidation()
26 APPPATH\Controllers\UsuarioController.php(37): App\Controllers\UsuarioController->formValidation()
27 APPPATH\Controllers\UsuarioController.php(37): App\Controllers\UsuarioController->formValidation()
28 APPPATH\Controllers\UsuarioController.php(37): App\Controllers\UsuarioController->formValidation()
29 APPPATH\Controllers\UsuarioController.php(37): App\Controllers\UsuarioController->formValidation()
30 APPPATH\Controllers\UsuarioController.php(37): App\Controllers\UsuarioController->formValidation()
31 APPPATH\Controllers\UsuarioController.php(37): App\Controllers\UsuarioController->formValidation()
32 APPPATH\Controllers\UsuarioController.php(37): App\Controllers\UsuarioController->formValidation()
33 APPPATH\Controllers\UsuarioController.php(37): App\Controllers\UsuarioController->formValidation()
34 APPPATH\Controllers\UsuarioController.php(37): App\Controllers\UsuarioController->formValidation()
35 APPPATH\Controllers\UsuarioController.php(37): App\Controllers\UsuarioController->formValidation()
36 APPPATH\Controllers\UsuarioController.php(37): App\Controllers\UsuarioController->formValidation()
37 APPPATH\Controllers\UsuarioController.php(37): App\Controllers\UsuarioController->formValidation()
38 APPPATH\Controllers\UsuarioController.php(37): App\Controllers\UsuarioController->formValidation()
39 APPPATH\Controllers\UsuarioController.php(37): App\Controllers\UsuarioController->formValidation()
40 APPPATH\Controllers\UsuarioController.php(37): App\Controllers\UsuarioController->formValidation()
41 APPPATH\Controllers\UsuarioController.php(37): App\Controllers\UsuarioController->formValidation()
42 APPPATH\Controllers\UsuarioController.php(37): App\Controllers\UsuarioController->formValidation()
43 APPPATH\Controllers\UsuarioController.php(37): App\Controllers\UsuarioController->formValidation()
44 APPPATH\Controllers\UsuarioController.php(37): App\Controllers\UsuarioController->formValidation()
45 APPPATH\Controllers\UsuarioController.php(37): App\Controllers\UsuarioController->formValidation()
46 APPPATH\Controllers\UsuarioController.php(37): App\Controllers\UsuarioController->formValidation()
47 APPPATH\Controllers\UsuarioController.php(37): App\Controllers\UsuarioController->formValidation()
48 APPPATH\Controllers\UsuarioController.php(37): App\Controllers\UsuarioController->formValidation()
49 APPPATH\Controllers\UsuarioController.php(37): App\Controllers\UsuarioController->formValidation()
50 APPPATH\Controllers\UsuarioController.php(37): App\Controllers\UsuarioController->formValidation()
51 APPPATH\Controllers\UsuarioController.php(37): App\Controllers\UsuarioController->formValidation()
52 APPPATH\Controllers\UsuarioController.php(37): App\Controllers\UsuarioController->formValidation()
53 APPPATH\Controllers\UsuarioController.php(37): App\Controllers\UsuarioController->formValidation()
54 APPPATH\Controllers\UsuarioController.php(37): App\Controllers\UsuarioController->formValidation()
55 APPPATH\Controllers\UsuarioController.php(37): App\Controllers\UsuarioController->formValidation()
56 APPPATH\Controllers\UsuarioController.php(37): App\Controllers\UsuarioController->formValidation()
57 APPPATH\Controllers\UsuarioController.php(37): App\Controllers\UsuarioController->formValidation()
58 APPPATH\Controllers\UsuarioController.php(37): App\Controllers\UsuarioController->formValidation()
59 APPPATH\Controllers\UsuarioController.php(37): App\Controllers\UsuarioController->formValidation()
60 APPPATH\Controllers\UsuarioController.php(37): App\Controllers\UsuarioController->formValidation()
61 APPPATH\Controllers\UsuarioController.php(37): App\Controllers\UsuarioController->formValidation()
62 APPPATH\Controllers\UsuarioController.php(37): App\Controllers\UsuarioController->formValidation()
63 APPPATH\Controllers\UsuarioController.php(37): App\Controllers\UsuarioController->formValidation()
64 APPPATH\Controllers\UsuarioController.php(37): App\Controllers\UsuarioController->formValidation()
65 APPPATH\Controllers\UsuarioController.php(37): App\Controllers\UsuarioController->formValidation()
66 APPPATH\Controllers\UsuarioController.php(37): App\Controllers\UsuarioController->formValidation()
67 APPPATH\Controllers\UsuarioController.php(37): App\Controllers\UsuarioController->formValidation()
68 APPPATH\Controllers\UsuarioController.php(37): App\Controllers\UsuarioController->formValidation()
69 APPPATH\Controllers\UsuarioController.php(37): App\Controllers\UsuarioController->formValidation()
70 APPPATH\Controllers\UsuarioController.php(37): App\Controllers\UsuarioController->formValidation()
71 APPPATH\Controllers\UsuarioController.php(37): App\Controllers\UsuarioController->formValidation()
72 APPPATH\Controllers\UsuarioController.php(37): App\Controllers\UsuarioController->formValidation()
73 APPPATH\Controllers\UsuarioController.php(37): App\Controllers\UsuarioController->formValidation()
74 APPPATH\Controllers\UsuarioController.php(37): App\Controllers\UsuarioController->formValidation()
75 APPPATH\Controllers\UsuarioController.php(37): App\Controllers\UsuarioController->formValidation()
76 APPPATH\Controllers\UsuarioController.php(37): App\Controllers\UsuarioController->formValidation()
77 APPPATH\Controllers\UsuarioController.php(37): App\Controllers\UsuarioController->formValidation()
78 APPPATH\Controllers\UsuarioController.php(37): App\Controllers\UsuarioController->formValidation()
79 APPPATH\Controllers\UsuarioController.php(37): App\Controllers\UsuarioController->formValidation()
80 APPPATH\Controllers\UsuarioController.php(37): App\Controllers\UsuarioController->formValidation()
81 APPPATH\Controllers\UsuarioController.php(37): App\Controllers\UsuarioController->formValidation()
82 APPPATH\Controllers\UsuarioController.php(37): App\Controllers\UsuarioController->formValidation()
83 APPPATH\Controllers\UsuarioController.php(37): App\Controllers\UsuarioController->formValidation()
84 APPPATH\Controllers\UsuarioController.php(37): App\Controllers\UsuarioController->formValidation()
85 APPPATH\Controllers\UsuarioController.php(37): App\Controllers\UsuarioController->formValidation()
86 APPPATH\Controllers\UsuarioController.php(37): App\Controllers\UsuarioController->formValidation()
87 APPPATH\Controllers\UsuarioController.php(37): App\Controllers\UsuarioController->formValidation()
88 APPPATH\Controllers\UsuarioController.php(37): App\Controllers\UsuarioController->formValidation()
89 APPPATH\Controllers\UsuarioController.php(37): App\Controllers\UsuarioController->formValidation()
90 APPPATH\Controllers\UsuarioController.php(37): App\Controllers\UsuarioController->formValidation()
91 APPPATH\Controllers\UsuarioController.php(37): App\Controllers\UsuarioController->formValidation()
92 APPPATH\Controllers\UsuarioController.php(37): App\Controllers\UsuarioController->formValidation()
93 APPPATH\Controllers\UsuarioController.php(37): App\Controllers\UsuarioController->formValidation()
94 APPPATH\Controllers\UsuarioController.php(37): App\Controllers\UsuarioController->formValidation()
95 APPPATH\Controllers\UsuarioController.php(37): App\Controllers\UsuarioController->formValidation()
96 APPPATH\Controllers\UsuarioController.php(37): App\Controllers\UsuarioController->formValidation()
97 APPPATH\Controllers\UsuarioController.php(37): App\Controllers\UsuarioController->formValidation()
98 APPPATH\Controllers\UsuarioController.php(37): App\Controllers\UsuarioController->formValidation()
99 APPPATH\Controllers\UsuarioController.php(37): App\Controllers\UsuarioController->formValidation()
100 APPPATH\Controllers\UsuarioController.php(37): App\Controllers\UsuarioController->formValidation()
101 APPPATH\Controllers\UsuarioController.php(37): App\Controllers\UsuarioController->formValidation()
102 APPPATH\Controllers\UsuarioController.php(37): App\Controllers\UsuarioController->formValidation()
103 APPPATH\Controllers\UsuarioController.php(37): App\Controllers\UsuarioController->formValidation()
104 APPPATH\Controllers\UsuarioController.php(37): App\Controllers\UsuarioController->formValidation()
105 APPPATH\Controllers\UsuarioController.php(37): App\Controllers\UsuarioController->formValidation()
106 APPPATH\Controllers\UsuarioController.php(37): App\Controllers\UsuarioController->formValidation()
107 APPPATH\Controllers\UsuarioController.php(37): App\Controllers\UsuarioController->formValidation()
108 APPPATH\Controllers\UsuarioController.php(37): App\Controllers\UsuarioController->formValidation()
109 APPPATH\Controllers\UsuarioController.php(37): App\Controllers\UsuarioController->formValidation()
110 APPPATH\Controllers\UsuarioController.php(37): App\Controllers\UsuarioController->formValidation()
111 APPPATH\Controllers\UsuarioController.php(37): App\Controllers\UsuarioController->formValidation()
112 APPPATH\Controllers\UsuarioController.php(37): App\Controllers\UsuarioController->formValidation()
113 APPPATH\Controllers\UsuarioController.php(37): App\Controllers\UsuarioController->formValidation()
114 APPPATH\Controllers\UsuarioController.php(37): App\Controllers\UsuarioController->formValidation()
115 APPPATH\Controllers\UsuarioController.php(37): App\Controllers\UsuarioController->formValidation()
116 APPPATH\Controllers\UsuarioController.php(37): App\Controllers\UsuarioController->formValidation()
117 APPPATH\Controllers\UsuarioController.php(37): App\Controllers\UsuarioController->formValidation()
118 APPPATH\Controllers\UsuarioController.php(37): App\Controllers\UsuarioController->formValidation()
119 APPPATH\Controllers\UsuarioController.php(37): App\Controllers\UsuarioController->formValidation()
120 APPPATH\Controllers\UsuarioController.php(37): App\Controllers\UsuarioController->formValidation()
121 APPPATH\Controllers\UsuarioController.php(37): App\Controllers\UsuarioController->formValidation()
122 APPPATH\Controllers\UsuarioController.php(37): App\Controllers\UsuarioController->formValidation()
123 APPPATH\Controllers\UsuarioController.php(37): App\Controllers\UsuarioController->formValidation()
124 APPPATH\Controllers\UsuarioController.php(37): App\Controllers\UsuarioController->formValidation()
125 APPPATH\Controllers\UsuarioController.php(37): App\Controllers\UsuarioController->formValidation()
126 APPPATH\Controllers\UsuarioController.php(37): App\Controllers\UsuarioController->formValidation()
127 APPPATH\Controllers\UsuarioController.php(37): App\Controllers\UsuarioController->formValidation()
128 APPPATH\Controllers\UsuarioController.php(37): App\Controllers\UsuarioController->formValidation()
129 APPPATH\Controllers\UsuarioController.php(37): App\Controllers\UsuarioController->formValidation()
130 APPPATH\Controllers\UsuarioController.php(37): App\Controllers\UsuarioController->formValidation()
131 APPPATH\Controllers\UsuarioController.php(37): App\Controllers\UsuarioController->formValidation()
132 APPPATH\Controllers\UsuarioController.php(37): App\Controllers\UsuarioController->formValidation()
133 APPPATH\Controllers\UsuarioController.php(37): App\Controllers\UsuarioController->formValidation()
134 APPPATH\Controllers\UsuarioController.php(37): App\Controllers\UsuarioController->formValidation()
135 APPPATH\Controllers\UsuarioController.php(37): App\Controllers\UsuarioController->formValidation()
136 APPPATH\Controllers\UsuarioController.php(37): App\Controllers\UsuarioController->formValidation()
137 APPPATH\Controllers\UsuarioController.php(37): App\Controllers\UsuarioController->formValidation()
138 APPPATH\Controllers\UsuarioController.php(37): App\Controllers\UsuarioController->formValidation()
139 APPPATH\Controllers\UsuarioController.php(37): App\Controllers\UsuarioController->formValidation()
140 APPPATH\Controllers\UsuarioController.php(37): App\Controllers\UsuarioController->formValidation()
141 APPPATH\Controllers\UsuarioController.php(37): App\Controllers\UsuarioController->formValidation()
142 APPPATH\Controllers\UsuarioController.php(37): App\Controllers\UsuarioController->formValidation()
143 APPPATH\Controllers\UsuarioController.php(37): App\Controllers\UsuarioController->formValidation()
144 APPPATH\Controllers\UsuarioController.php(37): App\Controllers\UsuarioController->formValidation()
145 APPPATH\Controllers\UsuarioController.php(37): App\Controllers\UsuarioController->formValidation()
146 APPPATH\Controllers\UsuarioController.php(37): App\Controllers\UsuarioController->formValidation()
147 APPPATH\Controllers\UsuarioController.php(37): App\Controllers\UsuarioController->formValidation()
148 APPPATH\Controllers\UsuarioController.php(37): App\Controllers\UsuarioController->formValidation()
149 APPPATH\Controllers\UsuarioController.php(37): App\Controllers\UsuarioController->formValidation()
150 APPPATH\Controllers\UsuarioController.php(37): App\Controllers\UsuarioController->formValidation()
151 APPPATH\Controllers\UsuarioController.php(37): App\Controllers\UsuarioController->formValidation()
152 APPPATH\Controllers\UsuarioController.php(37): App\Controllers\UsuarioController->formValidation()
153 APPPATH\Controllers\UsuarioController.php(37): App\Controllers\UsuarioController->formValidation()
154 APPPATH\Controllers\UsuarioController.php(37): App\Controllers\UsuarioController->formValidation()
155 APPPATH\Controllers\UsuarioController.php(37): App\Controllers\UsuarioController->formValidation()
156 APPPATH\Controllers\UsuarioController.php(37): App\Controllers\UsuarioController->formValidation()
157 APPPATH\Controllers\UsuarioController.php(37): App\Controllers\UsuarioController->formValidation()
158 APPPATH\Controllers\UsuarioController.php(37): App\Controllers\UsuarioController->formValidation()
159 APPPATH\Controllers\UsuarioController.php(37): App\Controllers\UsuarioController->formValidation()
160 APPPATH\Controllers\UsuarioController.php(37): App\Controllers\UsuarioController->formValidation()
161 APPPATH\Controllers\UsuarioController.php(37): App\Controllers\UsuarioController->formValidation()
162 APPPATH\Controllers\UsuarioController.php(37): App\Controllers\UsuarioController->formValidation()
163 APPPATH\Controllers\UsuarioController.php(37): App\Controllers\UsuarioController->formValidation()
164 APPPATH\Controllers\UsuarioController.php(37): App\Controllers\UsuarioController->formValidation()
165 APPPATH\Controllers\UsuarioController.php(37): App\Controllers\UsuarioController->formValidation()
166 APPPATH\Controllers\UsuarioController.php(37): App\Controllers\UsuarioController->formValidation()
167 APPPATH\Controllers\UsuarioController.php(37): App\Controllers\UsuarioController->formValidation()
168 APPPATH\Controllers\UsuarioController.php(37): App\Controllers\UsuarioController->formValidation()
169 APPPATH\Controllers\UsuarioController.php(37): App\Controllers\UsuarioController->formValidation()
170 APPPATH\Controllers\UsuarioController.php(37): App\Controllers\UsuarioController->formValidation()
171 APPPATH\Controllers\UsuarioController.php(37): App\Controllers\UsuarioController->formValidation()
172 APPPATH\Controllers\UsuarioController.php(37): App\Controllers\UsuarioController->formValidation()
173 APPPATH\Controllers\UsuarioController.php(37): App\Controllers\UsuarioController->formValidation()
174 APPPATH\Controllers\UsuarioController.php(37): App\Controllers\UsuarioController->formValidation()
175 APPPATH\Controllers\UsuarioController.php(37): App\Controllers\UsuarioController->formValidation()
176 APPPATH\Controllers\UsuarioController.php(37): App\Controllers\UsuarioController->formValidation()
177 APPPATH\Controllers\UsuarioController.php(37): App\Controllers\UsuarioController->formValidation()
178 APPPATH\Controllers\UsuarioController.php(37): App\Controllers\UsuarioController->formValidation()
179 APPPATH\Controllers\UsuarioController.php(37): App\Controllers\UsuarioController->formValidation()
180 APPPATH\Controllers\UsuarioController.php(37): App\Controllers\UsuarioController->formValidation()
181 APPPATH\Controllers\UsuarioController.php(37): App\Controllers\UsuarioController->formValidation()
182 APPPATH\Controllers\UsuarioController.php(37): App\Controllers\UsuarioController->formValidation()
183 APPPATH\Controllers\UsuarioController.php(37): App\Controllers\UsuarioController->formValidation()
184 APPPATH\Controllers\UsuarioController.php(37): App\Controllers\UsuarioController->formValidation()
185 APPPATH\Controllers\UsuarioController.php(37): App\Controllers\UsuarioController->formValidation()
186 APPPATH\Controllers\UsuarioController.php(37): App\Controllers\UsuarioController->formValidation()
187 APPPATH\Controllers\UsuarioController.php(37): App\Controllers\UsuarioController->formValidation()
188 APPPATH\Controllers\UsuarioController.php(37): App\Controllers\UsuarioController->formValidation()
189 APPPATH\Controllers\UsuarioController.php(37): App\Controllers\UsuarioController->formValidation()
190 APPPATH\Controllers\UsuarioController.php(37): App\Controllers\UsuarioController->formValidation()
191 APPPATH\Controllers\UsuarioController.php(37): App\Controllers\UsuarioController->formValidation()
192 APPPATH\Controllers\UsuarioController.php(37): App\Controllers\UsuarioController->formValidation()
193 APPPATH\Controllers\UsuarioController.php(37): App\Controllers\UsuarioController->formValidation()
194 APPPATH\Controllers\UsuarioController.php(37): App\Controllers\UsuarioController->formValidation()
195 APPPATH\Controllers\UsuarioController.php(37): App\Controllers\UsuarioController->formValidation()
196 APPPATH\Controllers\UsuarioController.php(37): App\Controllers\UsuarioController->formValidation()
197 APPPATH\Controllers\UsuarioController.php(37): App\Controllers\UsuarioController->formValidation()
198 APPPATH\Controllers\UsuarioController.php(37): App\Controllers\UsuarioController->formValidation()
199 APPPATH\Controllers\UsuarioController.php(37): App\Controllers\UsuarioController->formValidation()
200 APPPATH\Controllers\UsuarioController.php(37): App\Controllers\UsuarioController->formValidation()
201 APPPATH\Controllers\UsuarioController.php(37): App\Controllers\UsuarioController->formValidation()
202 APPPATH\Controllers\UsuarioController.php(37): App\Controllers\UsuarioController->formValidation()
203 APPPATH\Controllers\UsuarioController.php(37): App\Controllers\UsuarioController->formValidation()
204 APPPATH\Controllers\UsuarioController.php(37): App\Controllers\UsuarioController->formValidation()
205 APPPATH\Controllers\UsuarioController.php(37): App\Controllers\UsuarioController->formValidation()
206 APPPATH\Controllers\UsuarioController.php(37): App\Controllers\UsuarioController->formValidation()
207 APPPATH\Controllers\UsuarioController.php(37): App\Controllers\UsuarioController->formValidation()
208 APPPATH\Controllers\UsuarioController.php(37): App\Controllers\UsuarioController->formValidation()
209 APPPATH\Controllers\UsuarioController.php(37): App\Controllers\UsuarioController->formValidation()
210 APPPATH\Controllers\UsuarioController.php(37): App\Controllers\UsuarioController->formValidation()
211 APPPATH\Controllers\UsuarioController.php(37): App\Controllers\UsuarioController->formValidation()
212 APPPATH\Controllers\UsuarioController.php(37): App\Controllers\UsuarioController->formValidation()
213 APPPATH\Controllers\UsuarioController.php(37): App\Controllers\UsuarioController->formValidation()
214 APPPATH\Controllers\UsuarioController.php(37): App\Controllers\UsuarioController->formValidation()
215 APPPATH\Controllers\UsuarioController.php(37): App\Controllers\UsuarioController->formValidation()
216 APPPATH\Controllers\UsuarioController.php(37): App\Controllers\UsuarioController->formValidation()
217 APPPATH\Controllers\UsuarioController.php(37): App\Controllers\UsuarioController->formValidation()
218 APPPATH\Controllers\UsuarioController.php(37): App\Controllers\UsuarioController->formValidation()
219 APPPATH\Controllers\UsuarioController.php(37): App\Controllers\UsuarioController->formValidation()
220 APPPATH\Controllers\UsuarioController.php(37): App\Controllers\UsuarioController->formValidation()
221 APPPATH\Controllers\UsuarioController.php(37): App\Controllers\UsuarioController->formValidation()
222 APPPATH\Controllers\UsuarioController.php(37): App\Controllers\UsuarioController->formValidation()
223 APPPATH\Controllers\UsuarioController.php(37): App\Controllers\UsuarioController->formValidation()
224 APPPATH\Controllers\UsuarioController.php(37): App\Controllers\UsuarioController->formValidation()
225 APPPATH\Controllers\UsuarioController.php(37): App\Controllers\UsuarioController->formValidation()
226 APPPATH\Controllers\UsuarioController.php(37): App\Controllers\UsuarioController->formValidation()
227 APPPATH\Controllers\UsuarioController.php(37): App\Controllers\UsuarioController->formValidation()
228 APPPATH\Controllers\UsuarioController.php(37): App\Controllers\UsuarioController->formValidation()
229 APPPATH\Controllers\UsuarioController.php(37): App\Controllers\UsuarioController->formValidation()
230 APPPATH\Controllers\UsuarioController.php(37): App\Controllers\UsuarioController->formValidation()
231 APPPATH\Controllers\UsuarioController.php(37): App\Controllers\UsuarioController->formValidation()
232 APPPATH\Controllers\UsuarioController.php(37): App\Controllers\UsuarioController->formValidation()
233 APPPATH\Controllers\UsuarioController.php(37): App\Controllers\UsuarioController->formValidation()
234 APPPATH\Controllers\UsuarioController.php(37): App\Controllers\UsuarioController->formValidation()
235 APPPATH\Controllers\UsuarioController.php(37): App\Controllers\UsuarioController->formValidation()
236 APPPATH\Controllers\UsuarioController.php(37): App\Controllers\UsuarioController->formValidation()
237 APPPATH\Controllers\UsuarioController.php(37): App\Controllers\UsuarioController->formValidation()
238 APPPATH\Controllers\UsuarioController.php(37): App\Controllers\UsuarioController->formValidation()
239 APPPATH\Controllers\UsuarioController.php(37): App\Controllers\UsuarioController->formValidation()
240 APPPATH\Controllers\UsuarioController.php(37): App\Controllers\UsuarioController->formValidation()
241 APPPATH\Controllers\UsuarioController.php(37): App\Controllers\UsuarioController->formValidation()
242 APPPATH\Controllers\UsuarioController.php(37): App\Controllers\UsuarioController->formValidation()
243 APPPATH\Controllers\UsuarioController.php(37): App\Controllers\UsuarioController->formValidation()
244 APPPATH\Controllers\UsuarioController.php(37): App\Controllers\UsuarioController->formValidation()
245 APPPATH\Controllers\UsuarioController.php(37): App\Controllers\UsuarioController->formValidation()
246 APPPATH\Controllers\UsuarioController.php(37): App\Controllers\UsuarioController->formValidation()
247 APPPATH\Controllers\UsuarioController.php(37): App\Controllers\UsuarioController->formValidation()
248 APPPATH\Controllers\UsuarioController.php(37): App\Controllers\UsuarioController->formValidation()
249 APPPATH\Controllers\UsuarioController.php(37): App\Controllers\UsuarioController->formValidation()
250 APPPATH\Controllers\UsuarioController.php(37): App\Controllers\UsuarioController->formValidation()
251 SYSTEMPATH\CodeIgniter.php(933): App\Controllers\UsuarioController->formValidation()
252 SYSTEMPATH\CodeIgniter.php(509): CodeIgniter\CodeIgniter->runController(Object(App\Controllers\UsuarioController))
253 SYSTEMPATH\CodeIgniter.php(355): CodeIgniter\CodeIgniter->handleRequest(null, Object(Config\Cache), false)
254 SYSTEMPATH\Boot.php(312): CodeIgniter\CodeIgniter->run()
255 SYSTEMPATH\Boot.php(67): CodeIgniter\Boot::runCodeIgniter(Object(CodeIgniter\CodeIgniter))
256 FCPATH\index.php(56): CodeIgniter\Boot::bootWeb(Object(Config\Paths))
INFO - 2024-07-17 01:00:07 --> Session: Class initialized using 'CodeIgniter\Session\Handlers\FileHandler' driver.
INFO - 2024-07-17 01:00:09 --> Session: Class initialized using 'CodeIgniter\Session\Handlers\FileHandler' driver.
CRITICAL - 2024-07-17 01:29:48 --> Error: Xdebug has detected a possible infinite loop, and aborted your script with a stack depth of '256' frames
[Method: POST, Route: enviarForm]
in SYSTEMPATH\HTTP\URI.php on line 211.
 1 SYSTEMPATH\HTTP\URI.php(211): explode('/', '/primer_proyecto')
 2 SYSTEMPATH\HTTP\URI.php(1011): CodeIgniter\HTTP\URI::removeDotSegments('/primer_proyecto')
 3 SYSTEMPATH\HTTP\URI.php(1045): CodeIgniter\HTTP\URI->filterPath('/primer_proyecto')
 4 SYSTEMPATH\HTTP\URI.php(315): CodeIgniter\HTTP\URI->applyParts([...])
 5 SYSTEMPATH\HTTP\URI.php(259): CodeIgniter\HTTP\URI->setURI('http://localhost/primer_proyecto')
 6 SYSTEMPATH\HTTP\URI.php(655): CodeIgniter\HTTP\URI->__construct('http://localhost/primer_proyecto')
 7 SYSTEMPATH\HTTP\URI.php(634): CodeIgniter\HTTP\URI->changeSchemeAndPath('http', '/primer_proyecto/')
 8 SYSTEMPATH\HTTP\SiteURI.php(113): CodeIgniter\HTTP\URI->__toString()
 9 SYSTEMPATH\HTTP\SiteURI.php(388): CodeIgniter\HTTP\SiteURI->__construct(Object(Config\App), 'assets/bootstrap/css/bootstrap.min.css', 'localhost', null)
10 SYSTEMPATH\Helpers\url_helper.php(59): CodeIgniter\HTTP\SiteURI->baseUrl('assets/bootstrap/css/bootstrap.min.css', null)
11 APPPATH\Views\front\head_view.php(11): base_url('assets/bootstrap/css/bootstrap.min.css')
12 SYSTEMPATH\View\View.php(234): include('C:\\wamp64\\www\\primer_proyecto\\app\\Views\\front\\head_view.php')
13 SYSTEMPATH\View\View.php(237): CodeIgniter\View\View->CodeIgniter\View\{closure}()
14 SYSTEMPATH\Common.php(1171): CodeIgniter\View\View->render('front/head_view', [], true)
15 APPPATH\Controllers\UsuarioController.php(35): view('front/head_view', [...])
16 APPPATH\Controllers\UsuarioController.php(37): App\Controllers\UsuarioController->formValidation()
17 APPPATH\Controllers\UsuarioController.php(37): App\Controllers\UsuarioController->formValidation()
18 APPPATH\Controllers\UsuarioController.php(37): App\Controllers\UsuarioController->formValidation()
19 APPPATH\Controllers\UsuarioController.php(37): App\Controllers\UsuarioController->formValidation()
20 APPPATH\Controllers\UsuarioController.php(37): App\Controllers\UsuarioController->formValidation()
21 APPPATH\Controllers\UsuarioController.php(37): App\Controllers\UsuarioController->formValidation()
22 APPPATH\Controllers\UsuarioController.php(37): App\Controllers\UsuarioController->formValidation()
23 APPPATH\Controllers\UsuarioController.php(37): App\Controllers\UsuarioController->formValidation()
24 APPPATH\Controllers\UsuarioController.php(37): App\Controllers\UsuarioController->formValidation()
25 APPPATH\Controllers\UsuarioController.php(37): App\Controllers\UsuarioController->formValidation()
26 APPPATH\Controllers\UsuarioController.php(37): App\Controllers\UsuarioController->formValidation()
27 APPPATH\Controllers\UsuarioController.php(37): App\Controllers\UsuarioController->formValidation()
28 APPPATH\Controllers\UsuarioController.php(37): App\Controllers\UsuarioController->formValidation()
29 APPPATH\Controllers\UsuarioController.php(37): App\Controllers\UsuarioController->formValidation()
30 APPPATH\Controllers\UsuarioController.php(37): App\Controllers\UsuarioController->formValidation()
31 APPPATH\Controllers\UsuarioController.php(37): App\Controllers\UsuarioController->formValidation()
32 APPPATH\Controllers\UsuarioController.php(37): App\Controllers\UsuarioController->formValidation()
33 APPPATH\Controllers\UsuarioController.php(37): App\Controllers\UsuarioController->formValidation()
34 APPPATH\Controllers\UsuarioController.php(37): App\Controllers\UsuarioController->formValidation()
35 APPPATH\Controllers\UsuarioController.php(37): App\Controllers\UsuarioController->formValidation()
36 APPPATH\Controllers\UsuarioController.php(37): App\Controllers\UsuarioController->formValidation()
37 APPPATH\Controllers\UsuarioController.php(37): App\Controllers\UsuarioController->formValidation()
38 APPPATH\Controllers\UsuarioController.php(37): App\Controllers\UsuarioController->formValidation()
39 APPPATH\Controllers\UsuarioController.php(37): App\Controllers\UsuarioController->formValidation()
40 APPPATH\Controllers\UsuarioController.php(37): App\Controllers\UsuarioController->formValidation()
41 APPPATH\Controllers\UsuarioController.php(37): App\Controllers\UsuarioController->formValidation()
42 APPPATH\Controllers\UsuarioController.php(37): App\Controllers\UsuarioController->formValidation()
43 APPPATH\Controllers\UsuarioController.php(37): App\Controllers\UsuarioController->formValidation()
44 APPPATH\Controllers\UsuarioController.php(37): App\Controllers\UsuarioController->formValidation()
45 APPPATH\Controllers\UsuarioController.php(37): App\Controllers\UsuarioController->formValidation()
46 APPPATH\Controllers\UsuarioController.php(37): App\Controllers\UsuarioController->formValidation()
47 APPPATH\Controllers\UsuarioController.php(37): App\Controllers\UsuarioController->formValidation()
48 APPPATH\Controllers\UsuarioController.php(37): App\Controllers\UsuarioController->formValidation()
49 APPPATH\Controllers\UsuarioController.php(37): App\Controllers\UsuarioController->formValidation()
50 APPPATH\Controllers\UsuarioController.php(37): App\Controllers\UsuarioController->formValidation()
51 APPPATH\Controllers\UsuarioController.php(37): App\Controllers\UsuarioController->formValidation()
52 APPPATH\Controllers\UsuarioController.php(37): App\Controllers\UsuarioController->formValidation()
53 APPPATH\Controllers\UsuarioController.php(37): App\Controllers\UsuarioController->formValidation()
54 APPPATH\Controllers\UsuarioController.php(37): App\Controllers\UsuarioController->formValidation()
55 APPPATH\Controllers\UsuarioController.php(37): App\Controllers\UsuarioController->formValidation()
56 APPPATH\Controllers\UsuarioController.php(37): App\Controllers\UsuarioController->formValidation()
57 APPPATH\Controllers\UsuarioController.php(37): App\Controllers\UsuarioController->formValidation()
58 APPPATH\Controllers\UsuarioController.php(37): App\Controllers\UsuarioController->formValidation()
59 APPPATH\Controllers\UsuarioController.php(37): App\Controllers\UsuarioController->formValidation()
60 APPPATH\Controllers\UsuarioController.php(37): App\Controllers\UsuarioController->formValidation()
61 APPPATH\Controllers\UsuarioController.php(37): App\Controllers\UsuarioController->formValidation()
62 APPPATH\Controllers\UsuarioController.php(37): App\Controllers\UsuarioController->formValidation()
63 APPPATH\Controllers\UsuarioController.php(37): App\Controllers\UsuarioController->formValidation()
64 APPPATH\Controllers\UsuarioController.php(37): App\Controllers\UsuarioController->formValidation()
65 APPPATH\Controllers\UsuarioController.php(37): App\Controllers\UsuarioController->formValidation()
66 APPPATH\Controllers\UsuarioController.php(37): App\Controllers\UsuarioController->formValidation()
67 APPPATH\Controllers\UsuarioController.php(37): App\Controllers\UsuarioController->formValidation()
68 APPPATH\Controllers\UsuarioController.php(37): App\Controllers\UsuarioController->formValidation()
69 APPPATH\Controllers\UsuarioController.php(37): App\Controllers\UsuarioController->formValidation()
70 APPPATH\Controllers\UsuarioController.php(37): App\Controllers\UsuarioController->formValidation()
71 APPPATH\Controllers\UsuarioController.php(37): App\Controllers\UsuarioController->formValidation()
72 APPPATH\Controllers\UsuarioController.php(37): App\Controllers\UsuarioController->formValidation()
73 APPPATH\Controllers\UsuarioController.php(37): App\Controllers\UsuarioController->formValidation()
74 APPPATH\Controllers\UsuarioController.php(37): App\Controllers\UsuarioController->formValidation()
75 APPPATH\Controllers\UsuarioController.php(37): App\Controllers\UsuarioController->formValidation()
76 APPPATH\Controllers\UsuarioController.php(37): App\Controllers\UsuarioController->formValidation()
77 APPPATH\Controllers\UsuarioController.php(37): App\Controllers\UsuarioController->formValidation()
78 APPPATH\Controllers\UsuarioController.php(37): App\Controllers\UsuarioController->formValidation()
79 APPPATH\Controllers\UsuarioController.php(37): App\Controllers\UsuarioController->formValidation()
80 APPPATH\Controllers\UsuarioController.php(37): App\Controllers\UsuarioController->formValidation()
81 APPPATH\Controllers\UsuarioController.php(37): App\Controllers\UsuarioController->formValidation()
82 APPPATH\Controllers\UsuarioController.php(37): App\Controllers\UsuarioController->formValidation()
83 APPPATH\Controllers\UsuarioController.php(37): App\Controllers\UsuarioController->formValidation()
84 APPPATH\Controllers\UsuarioController.php(37): App\Controllers\UsuarioController->formValidation()
85 APPPATH\Controllers\UsuarioController.php(37): App\Controllers\UsuarioController->formValidation()
86 APPPATH\Controllers\UsuarioController.php(37): App\Controllers\UsuarioController->formValidation()
87 APPPATH\Controllers\UsuarioController.php(37): App\Controllers\UsuarioController->formValidation()
88 APPPATH\Controllers\UsuarioController.php(37): App\Controllers\UsuarioController->formValidation()
89 APPPATH\Controllers\UsuarioController.php(37): App\Controllers\UsuarioController->formValidation()
90 APPPATH\Controllers\UsuarioController.php(37): App\Controllers\UsuarioController->formValidation()
91 APPPATH\Controllers\UsuarioController.php(37): App\Controllers\UsuarioController->formValidation()
92 APPPATH\Controllers\UsuarioController.php(37): App\Controllers\UsuarioController->formValidation()
93 APPPATH\Controllers\UsuarioController.php(37): App\Controllers\UsuarioController->formValidation()
94 APPPATH\Controllers\UsuarioController.php(37): App\Controllers\UsuarioController->formValidation()
95 APPPATH\Controllers\UsuarioController.php(37): App\Controllers\UsuarioController->formValidation()
96 APPPATH\Controllers\UsuarioController.php(37): App\Controllers\UsuarioController->formValidation()
97 APPPATH\Controllers\UsuarioController.php(37): App\Controllers\UsuarioController->formValidation()
98 APPPATH\Controllers\UsuarioController.php(37): App\Controllers\UsuarioController->formValidation()
99 APPPATH\Controllers\UsuarioController.php(37): App\Controllers\UsuarioController->formValidation()
100 APPPATH\Controllers\UsuarioController.php(37): App\Controllers\UsuarioController->formValidation()
101 APPPATH\Controllers\UsuarioController.php(37): App\Controllers\UsuarioController->formValidation()
102 APPPATH\Controllers\UsuarioController.php(37): App\Controllers\UsuarioController->formValidation()
103 APPPATH\Controllers\UsuarioController.php(37): App\Controllers\UsuarioController->formValidation()
104 APPPATH\Controllers\UsuarioController.php(37): App\Controllers\UsuarioController->formValidation()
105 APPPATH\Controllers\UsuarioController.php(37): App\Controllers\UsuarioController->formValidation()
106 APPPATH\Controllers\UsuarioController.php(37): App\Controllers\UsuarioController->formValidation()
107 APPPATH\Controllers\UsuarioController.php(37): App\Controllers\UsuarioController->formValidation()
108 APPPATH\Controllers\UsuarioController.php(37): App\Controllers\UsuarioController->formValidation()
109 APPPATH\Controllers\UsuarioController.php(37): App\Controllers\UsuarioController->formValidation()
110 APPPATH\Controllers\UsuarioController.php(37): App\Controllers\UsuarioController->formValidation()
111 APPPATH\Controllers\UsuarioController.php(37): App\Controllers\UsuarioController->formValidation()
112 APPPATH\Controllers\UsuarioController.php(37): App\Controllers\UsuarioController->formValidation()
113 APPPATH\Controllers\UsuarioController.php(37): App\Controllers\UsuarioController->formValidation()
114 APPPATH\Controllers\UsuarioController.php(37): App\Controllers\UsuarioController->formValidation()
115 APPPATH\Controllers\UsuarioController.php(37): App\Controllers\UsuarioController->formValidation()
116 APPPATH\Controllers\UsuarioController.php(37): App\Controllers\UsuarioController->formValidation()
117 APPPATH\Controllers\UsuarioController.php(37): App\Controllers\UsuarioController->formValidation()
118 APPPATH\Controllers\UsuarioController.php(37): App\Controllers\UsuarioController->formValidation()
119 APPPATH\Controllers\UsuarioController.php(37): App\Controllers\UsuarioController->formValidation()
120 APPPATH\Controllers\UsuarioController.php(37): App\Controllers\UsuarioController->formValidation()
121 APPPATH\Controllers\UsuarioController.php(37): App\Controllers\UsuarioController->formValidation()
122 APPPATH\Controllers\UsuarioController.php(37): App\Controllers\UsuarioController->formValidation()
123 APPPATH\Controllers\UsuarioController.php(37): App\Controllers\UsuarioController->formValidation()
124 APPPATH\Controllers\UsuarioController.php(37): App\Controllers\UsuarioController->formValidation()
125 APPPATH\Controllers\UsuarioController.php(37): App\Controllers\UsuarioController->formValidation()
126 APPPATH\Controllers\UsuarioController.php(37): App\Controllers\UsuarioController->formValidation()
127 APPPATH\Controllers\UsuarioController.php(37): App\Controllers\UsuarioController->formValidation()
128 APPPATH\Controllers\UsuarioController.php(37): App\Controllers\UsuarioController->formValidation()
129 APPPATH\Controllers\UsuarioController.php(37): App\Controllers\UsuarioController->formValidation()
130 APPPATH\Controllers\UsuarioController.php(37): App\Controllers\UsuarioController->formValidation()
131 APPPATH\Controllers\UsuarioController.php(37): App\Controllers\UsuarioController->formValidation()
132 APPPATH\Controllers\UsuarioController.php(37): App\Controllers\UsuarioController->formValidation()
133 APPPATH\Controllers\UsuarioController.php(37): App\Controllers\UsuarioController->formValidation()
134 APPPATH\Controllers\UsuarioController.php(37): App\Controllers\UsuarioController->formValidation()
135 APPPATH\Controllers\UsuarioController.php(37): App\Controllers\UsuarioController->formValidation()
136 APPPATH\Controllers\UsuarioController.php(37): App\Controllers\UsuarioController->formValidation()
137 APPPATH\Controllers\UsuarioController.php(37): App\Controllers\UsuarioController->formValidation()
138 APPPATH\Controllers\UsuarioController.php(37): App\Controllers\UsuarioController->formValidation()
139 APPPATH\Controllers\UsuarioController.php(37): App\Controllers\UsuarioController->formValidation()
140 APPPATH\Controllers\UsuarioController.php(37): App\Controllers\UsuarioController->formValidation()
141 APPPATH\Controllers\UsuarioController.php(37): App\Controllers\UsuarioController->formValidation()
142 APPPATH\Controllers\UsuarioController.php(37): App\Controllers\UsuarioController->formValidation()
143 APPPATH\Controllers\UsuarioController.php(37): App\Controllers\UsuarioController->formValidation()
144 APPPATH\Controllers\UsuarioController.php(37): App\Controllers\UsuarioController->formValidation()
145 APPPATH\Controllers\UsuarioController.php(37): App\Controllers\UsuarioController->formValidation()
146 APPPATH\Controllers\UsuarioController.php(37): App\Controllers\UsuarioController->formValidation()
147 APPPATH\Controllers\UsuarioController.php(37): App\Controllers\UsuarioController->formValidation()
148 APPPATH\Controllers\UsuarioController.php(37): App\Controllers\UsuarioController->formValidation()
149 APPPATH\Controllers\UsuarioController.php(37): App\Controllers\UsuarioController->formValidation()
150 APPPATH\Controllers\UsuarioController.php(37): App\Controllers\UsuarioController->formValidation()
151 APPPATH\Controllers\UsuarioController.php(37): App\Controllers\UsuarioController->formValidation()
152 APPPATH\Controllers\UsuarioController.php(37): App\Controllers\UsuarioController->formValidation()
153 APPPATH\Controllers\UsuarioController.php(37): App\Controllers\UsuarioController->formValidation()
154 APPPATH\Controllers\UsuarioController.php(37): App\Controllers\UsuarioController->formValidation()
155 APPPATH\Controllers\UsuarioController.php(37): App\Controllers\UsuarioController->formValidation()
156 APPPATH\Controllers\UsuarioController.php(37): App\Controllers\UsuarioController->formValidation()
157 APPPATH\Controllers\UsuarioController.php(37): App\Controllers\UsuarioController->formValidation()
158 APPPATH\Controllers\UsuarioController.php(37): App\Controllers\UsuarioController->formValidation()
159 APPPATH\Controllers\UsuarioController.php(37): App\Controllers\UsuarioController->formValidation()
160 APPPATH\Controllers\UsuarioController.php(37): App\Controllers\UsuarioController->formValidation()
161 APPPATH\Controllers\UsuarioController.php(37): App\Controllers\UsuarioController->formValidation()
162 APPPATH\Controllers\UsuarioController.php(37): App\Controllers\UsuarioController->formValidation()
163 APPPATH\Controllers\UsuarioController.php(37): App\Controllers\UsuarioController->formValidation()
164 APPPATH\Controllers\UsuarioController.php(37): App\Controllers\UsuarioController->formValidation()
165 APPPATH\Controllers\UsuarioController.php(37): App\Controllers\UsuarioController->formValidation()
166 APPPATH\Controllers\UsuarioController.php(37): App\Controllers\UsuarioController->formValidation()
167 APPPATH\Controllers\UsuarioController.php(37): App\Controllers\UsuarioController->formValidation()
168 APPPATH\Controllers\UsuarioController.php(37): App\Controllers\UsuarioController->formValidation()
169 APPPATH\Controllers\UsuarioController.php(37): App\Controllers\UsuarioController->formValidation()
170 APPPATH\Controllers\UsuarioController.php(37): App\Controllers\UsuarioController->formValidation()
171 APPPATH\Controllers\UsuarioController.php(37): App\Controllers\UsuarioController->formValidation()
172 APPPATH\Controllers\UsuarioController.php(37): App\Controllers\UsuarioController->formValidation()
173 APPPATH\Controllers\UsuarioController.php(37): App\Controllers\UsuarioController->formValidation()
174 APPPATH\Controllers\UsuarioController.php(37): App\Controllers\UsuarioController->formValidation()
175 APPPATH\Controllers\UsuarioController.php(37): App\Controllers\UsuarioController->formValidation()
176 APPPATH\Controllers\UsuarioController.php(37): App\Controllers\UsuarioController->formValidation()
177 APPPATH\Controllers\UsuarioController.php(37): App\Controllers\UsuarioController->formValidation()
178 APPPATH\Controllers\UsuarioController.php(37): App\Controllers\UsuarioController->formValidation()
179 APPPATH\Controllers\UsuarioController.php(37): App\Controllers\UsuarioController->formValidation()
180 APPPATH\Controllers\UsuarioController.php(37): App\Controllers\UsuarioController->formValidation()
181 APPPATH\Controllers\UsuarioController.php(37): App\Controllers\UsuarioController->formValidation()
182 APPPATH\Controllers\UsuarioController.php(37): App\Controllers\UsuarioController->formValidation()
183 APPPATH\Controllers\UsuarioController.php(37): App\Controllers\UsuarioController->formValidation()
184 APPPATH\Controllers\UsuarioController.php(37): App\Controllers\UsuarioController->formValidation()
185 APPPATH\Controllers\UsuarioController.php(37): App\Controllers\UsuarioController->formValidation()
186 APPPATH\Controllers\UsuarioController.php(37): App\Controllers\UsuarioController->formValidation()
187 APPPATH\Controllers\UsuarioController.php(37): App\Controllers\UsuarioController->formValidation()
188 APPPATH\Controllers\UsuarioController.php(37): App\Controllers\UsuarioController->formValidation()
189 APPPATH\Controllers\UsuarioController.php(37): App\Controllers\UsuarioController->formValidation()
190 APPPATH\Controllers\UsuarioController.php(37): App\Controllers\UsuarioController->formValidation()
191 APPPATH\Controllers\UsuarioController.php(37): App\Controllers\UsuarioController->formValidation()
192 APPPATH\Controllers\UsuarioController.php(37): App\Controllers\UsuarioController->formValidation()
193 APPPATH\Controllers\UsuarioController.php(37): App\Controllers\UsuarioController->formValidation()
194 APPPATH\Controllers\UsuarioController.php(37): App\Controllers\UsuarioController->formValidation()
195 APPPATH\Controllers\UsuarioController.php(37): App\Controllers\UsuarioController->formValidation()
196 APPPATH\Controllers\UsuarioController.php(37): App\Controllers\UsuarioController->formValidation()
197 APPPATH\Controllers\UsuarioController.php(37): App\Controllers\UsuarioController->formValidation()
198 APPPATH\Controllers\UsuarioController.php(37): App\Controllers\UsuarioController->formValidation()
199 APPPATH\Controllers\UsuarioController.php(37): App\Controllers\UsuarioController->formValidation()
200 APPPATH\Controllers\UsuarioController.php(37): App\Controllers\UsuarioController->formValidation()
201 APPPATH\Controllers\UsuarioController.php(37): App\Controllers\UsuarioController->formValidation()
202 APPPATH\Controllers\UsuarioController.php(37): App\Controllers\UsuarioController->formValidation()
203 APPPATH\Controllers\UsuarioController.php(37): App\Controllers\UsuarioController->formValidation()
204 APPPATH\Controllers\UsuarioController.php(37): App\Controllers\UsuarioController->formValidation()
205 APPPATH\Controllers\UsuarioController.php(37): App\Controllers\UsuarioController->formValidation()
206 APPPATH\Controllers\UsuarioController.php(37): App\Controllers\UsuarioController->formValidation()
207 APPPATH\Controllers\UsuarioController.php(37): App\Controllers\UsuarioController->formValidation()
208 APPPATH\Controllers\UsuarioController.php(37): App\Controllers\UsuarioController->formValidation()
209 APPPATH\Controllers\UsuarioController.php(37): App\Controllers\UsuarioController->formValidation()
210 APPPATH\Controllers\UsuarioController.php(37): App\Controllers\UsuarioController->formValidation()
211 APPPATH\Controllers\UsuarioController.php(37): App\Controllers\UsuarioController->formValidation()
212 APPPATH\Controllers\UsuarioController.php(37): App\Controllers\UsuarioController->formValidation()
213 APPPATH\Controllers\UsuarioController.php(37): App\Controllers\UsuarioController->formValidation()
214 APPPATH\Controllers\UsuarioController.php(37): App\Controllers\UsuarioController->formValidation()
215 APPPATH\Controllers\UsuarioController.php(37): App\Controllers\UsuarioController->formValidation()
216 APPPATH\Controllers\UsuarioController.php(37): App\Controllers\UsuarioController->formValidation()
217 APPPATH\Controllers\UsuarioController.php(37): App\Controllers\UsuarioController->formValidation()
218 APPPATH\Controllers\UsuarioController.php(37): App\Controllers\UsuarioController->formValidation()
219 APPPATH\Controllers\UsuarioController.php(37): App\Controllers\UsuarioController->formValidation()
220 APPPATH\Controllers\UsuarioController.php(37): App\Controllers\UsuarioController->formValidation()
221 APPPATH\Controllers\UsuarioController.php(37): App\Controllers\UsuarioController->formValidation()
222 APPPATH\Controllers\UsuarioController.php(37): App\Controllers\UsuarioController->formValidation()
223 APPPATH\Controllers\UsuarioController.php(37): App\Controllers\UsuarioController->formValidation()
224 APPPATH\Controllers\UsuarioController.php(37): App\Controllers\UsuarioController->formValidation()
225 APPPATH\Controllers\UsuarioController.php(37): App\Controllers\UsuarioController->formValidation()
226 APPPATH\Controllers\UsuarioController.php(37): App\Controllers\UsuarioController->formValidation()
227 APPPATH\Controllers\UsuarioController.php(37): App\Controllers\UsuarioController->formValidation()
228 APPPATH\Controllers\UsuarioController.php(37): App\Controllers\UsuarioController->formValidation()
229 APPPATH\Controllers\UsuarioController.php(37): App\Controllers\UsuarioController->formValidation()
230 APPPATH\Controllers\UsuarioController.php(37): App\Controllers\UsuarioController->formValidation()
231 APPPATH\Controllers\UsuarioController.php(37): App\Controllers\UsuarioController->formValidation()
232 APPPATH\Controllers\UsuarioController.php(37): App\Controllers\UsuarioController->formValidation()
233 APPPATH\Controllers\UsuarioController.php(37): App\Controllers\UsuarioController->formValidation()
234 APPPATH\Controllers\UsuarioController.php(37): App\Controllers\UsuarioController->formValidation()
235 APPPATH\Controllers\UsuarioController.php(37): App\Controllers\UsuarioController->formValidation()
236 APPPATH\Controllers\UsuarioController.php(37): App\Controllers\UsuarioController->formValidation()
237 APPPATH\Controllers\UsuarioController.php(37): App\Controllers\UsuarioController->formValidation()
238 APPPATH\Controllers\UsuarioController.php(37): App\Controllers\UsuarioController->formValidation()
239 APPPATH\Controllers\UsuarioController.php(37): App\Controllers\UsuarioController->formValidation()
240 APPPATH\Controllers\UsuarioController.php(37): App\Controllers\UsuarioController->formValidation()
241 APPPATH\Controllers\UsuarioController.php(37): App\Controllers\UsuarioController->formValidation()
242 APPPATH\Controllers\UsuarioController.php(37): App\Controllers\UsuarioController->formValidation()
243 APPPATH\Controllers\UsuarioController.php(37): App\Controllers\UsuarioController->formValidation()
244 APPPATH\Controllers\UsuarioController.php(37): App\Controllers\UsuarioController->formValidation()
245 APPPATH\Controllers\UsuarioController.php(37): App\Controllers\UsuarioController->formValidation()
246 APPPATH\Controllers\UsuarioController.php(37): App\Controllers\UsuarioController->formValidation()
247 APPPATH\Controllers\UsuarioController.php(37): App\Controllers\UsuarioController->formValidation()
248 APPPATH\Controllers\UsuarioController.php(37): App\Controllers\UsuarioController->formValidation()
249 APPPATH\Controllers\UsuarioController.php(37): App\Controllers\UsuarioController->formValidation()
250 APPPATH\Controllers\UsuarioController.php(37): App\Controllers\UsuarioController->formValidation()
251 SYSTEMPATH\CodeIgniter.php(933): App\Controllers\UsuarioController->formValidation()
252 SYSTEMPATH\CodeIgniter.php(509): CodeIgniter\CodeIgniter->runController(Object(App\Controllers\UsuarioController))
253 SYSTEMPATH\CodeIgniter.php(355): CodeIgniter\CodeIgniter->handleRequest(null, Object(Config\Cache), false)
254 SYSTEMPATH\Boot.php(312): CodeIgniter\CodeIgniter->run()
255 SYSTEMPATH\Boot.php(67): CodeIgniter\Boot::runCodeIgniter(Object(CodeIgniter\CodeIgniter))
256 FCPATH\index.php(56): CodeIgniter\Boot::bootWeb(Object(Config\Paths))
INFO - 2024-07-17 01:40:12 --> Session: Class initialized using 'CodeIgniter\Session\Handlers\FileHandler' driver.
INFO - 2024-07-17 01:40:15 --> Session: Class initialized using 'CodeIgniter\Session\Handlers\FileHandler' driver.
INFO - 2024-07-17 01:41:02 --> Session: Class initialized using 'CodeIgniter\Session\Handlers\FileHandler' driver.
INFO - 2024-07-17 01:43:55 --> Session: Class initialized using 'CodeIgniter\Session\Handlers\FileHandler' driver.
INFO - 2024-07-17 01:44:03 --> Session: Class initialized using 'CodeIgniter\Session\Handlers\FileHandler' driver.
INFO - 2024-07-17 01:46:55 --> Session: Class initialized using 'CodeIgniter\Session\Handlers\FileHandler' driver.
INFO - 2024-07-17 01:46:58 --> Session: Class initialized using 'CodeIgniter\Session\Handlers\FileHandler' driver.
INFO - 2024-07-17 01:57:20 --> Session: Class initialized using 'CodeIgniter\Session\Handlers\FileHandler' driver.
CRITICAL - 2024-07-17 01:58:04 --> ErrorException: Undefined variable $request
[Method: POST, Route: enviarForm]
in APPPATH\Controllers\UsuarioController.php on line 50.
 1 APPPATH\Controllers\UsuarioController.php(50): CodeIgniter\Debug\Exceptions->errorHandler(2, 'Undefined variable $request', 'C:\\wamp64\\www\\primer_proyecto\\app\\Controllers\\UsuarioController.php', 50)
 2 SYSTEMPATH\CodeIgniter.php(933): App\Controllers\UsuarioController->formValidation()
 3 SYSTEMPATH\CodeIgniter.php(509): CodeIgniter\CodeIgniter->runController(Object(App\Controllers\UsuarioController))
 4 SYSTEMPATH\CodeIgniter.php(355): CodeIgniter\CodeIgniter->handleRequest(null, Object(Config\Cache), false)
 5 SYSTEMPATH\Boot.php(312): CodeIgniter\CodeIgniter->run()
 6 SYSTEMPATH\Boot.php(67): CodeIgniter\Boot::runCodeIgniter(Object(CodeIgniter\CodeIgniter))
 7 FCPATH\index.php(56): CodeIgniter\Boot::bootWeb(Object(Config\Paths))
INFO - 2024-07-17 03:18:08 --> Session: Class initialized using 'CodeIgniter\Session\Handlers\FileHandler' driver.
INFO - 2024-07-17 03:18:50 --> Session: Class initialized using 'CodeIgniter\Session\Handlers\FileHandler' driver.
INFO - 2024-07-17 03:18:56 --> Session: Class initialized using 'CodeIgniter\Session\Handlers\FileHandler' driver.
INFO - 2024-07-17 03:19:23 --> Session: Class initialized using 'CodeIgniter\Session\Handlers\FileHandler' driver.
INFO - 2024-07-17 11:25:50 --> Session: Class initialized using 'CodeIgniter\Session\Handlers\FileHandler' driver.
INFO - 2024-07-17 11:49:28 --> Session: Class initialized using 'CodeIgniter\Session\Handlers\FileHandler' driver.
INFO - 2024-07-17 11:49:31 --> Session: Class initialized using 'CodeIgniter\Session\Handlers\FileHandler' driver.
CRITICAL - 2024-07-17 11:49:55 --> ParseError: syntax error, unexpected token "if"
[Method: POST, Route: enviarlogin]
in APPPATH\Controllers\LoginController.php on line 32.
 1 SYSTEMPATH\Autoloader\Autoloader.php(296): CodeIgniter\Autoloader\Autoloader->includeFile('C:\\wamp64\\www\\primer_proyecto\\app\\Controllers\\LoginController.php')
 2 SYSTEMPATH\Autoloader\Autoloader.php(272): CodeIgniter\Autoloader\Autoloader->loadInNamespace('App\\Controllers\\LoginController')
 3 [internal function]: CodeIgniter\Autoloader\Autoloader->loadClass('App\\Controllers\\LoginController')
 4 SYSTEMPATH\CodeIgniter.php(887): class_exists('\\App\\Controllers\\LoginController', true)
 5 SYSTEMPATH\CodeIgniter.php(496): CodeIgniter\CodeIgniter->startController()
 6 SYSTEMPATH\CodeIgniter.php(355): CodeIgniter\CodeIgniter->handleRequest(null, Object(Config\Cache), false)
 7 SYSTEMPATH\Boot.php(312): CodeIgniter\CodeIgniter->run()
 8 SYSTEMPATH\Boot.php(67): CodeIgniter\Boot::runCodeIgniter(Object(CodeIgniter\CodeIgniter))
 9 FCPATH\index.php(56): CodeIgniter\Boot::bootWeb(Object(Config\Paths))
INFO - 2024-07-17 11:50:35 --> Session: Class initialized using 'CodeIgniter\Session\Handlers\FileHandler' driver.
INFO - 2024-07-17 11:53:18 --> Session: Class initialized using 'CodeIgniter\Session\Handlers\FileHandler' driver.
INFO - 2024-07-17 11:55:24 --> Session: Class initialized using 'CodeIgniter\Session\Handlers\FileHandler' driver.
CRITICAL - 2024-07-17 11:55:25 --> CodeIgniter\Filters\Exceptions\FilterException: "auth" filter must have a matching alias defined.
[Method: GET, Route: panel]
in SYSTEMPATH\Filters\Filters.php on line 495.
 1 SYSTEMPATH\Filters\Filters.php(495): CodeIgniter\Filters\Exceptions\FilterException::forNoAlias('auth')
 2 SYSTEMPATH\Filters\Filters.php(547): CodeIgniter\Filters\Filters->enableFilter('auth', 'before')
 3 SYSTEMPATH\CodeIgniter.php(469): CodeIgniter\Filters\Filters->enableFilters([...], 'before')
 4 SYSTEMPATH\CodeIgniter.php(355): CodeIgniter\CodeIgniter->handleRequest(null, Object(Config\Cache), false)
 5 SYSTEMPATH\Boot.php(312): CodeIgniter\CodeIgniter->run()
 6 SYSTEMPATH\Boot.php(67): CodeIgniter\Boot::runCodeIgniter(Object(CodeIgniter\CodeIgniter))
 7 FCPATH\index.php(56): CodeIgniter\Boot::bootWeb(Object(Config\Paths))
INFO - 2024-07-17 11:55:48 --> Session: Class initialized using 'CodeIgniter\Session\Handlers\FileHandler' driver.
INFO - 2024-07-17 11:55:50 --> Session: Class initialized using 'CodeIgniter\Session\Handlers\FileHandler' driver.
INFO - 2024-07-17 11:55:59 --> Session: Class initialized using 'CodeIgniter\Session\Handlers\FileHandler' driver.
CRITICAL - 2024-07-17 11:55:59 --> CodeIgniter\Filters\Exceptions\FilterException: "auth" filter must have a matching alias defined.
[Method: GET, Route: panel]
in SYSTEMPATH\Filters\Filters.php on line 495.
 1 SYSTEMPATH\Filters\Filters.php(495): CodeIgniter\Filters\Exceptions\FilterException::forNoAlias('auth')
 2 SYSTEMPATH\Filters\Filters.php(547): CodeIgniter\Filters\Filters->enableFilter('auth', 'before')
 3 SYSTEMPATH\CodeIgniter.php(469): CodeIgniter\Filters\Filters->enableFilters([...], 'before')
 4 SYSTEMPATH\CodeIgniter.php(355): CodeIgniter\CodeIgniter->handleRequest(null, Object(Config\Cache), false)
 5 SYSTEMPATH\Boot.php(312): CodeIgniter\CodeIgniter->run()
 6 SYSTEMPATH\Boot.php(67): CodeIgniter\Boot::runCodeIgniter(Object(CodeIgniter\CodeIgniter))
 7 FCPATH\index.php(56): CodeIgniter\Boot::bootWeb(Object(Config\Paths))
CRITICAL - 2024-07-17 21:32:38 --> Error: Class "App\Filters\Auth" not found
[Method: GET, Route: panel]
in SYSTEMPATH\Filters\Filters.php on line 197.
 1 SYSTEMPATH\Filters\Filters.php(184): CodeIgniter\Filters\Filters->runBefore([...])
 2 SYSTEMPATH\CodeIgniter.php(481): CodeIgniter\Filters\Filters->run('panel', 'before')
 3 SYSTEMPATH\CodeIgniter.php(355): CodeIgniter\CodeIgniter->handleRequest(null, Object(Config\Cache), false)
 4 SYSTEMPATH\Boot.php(312): CodeIgniter\CodeIgniter->run()
 5 SYSTEMPATH\Boot.php(67): CodeIgniter\Boot::runCodeIgniter(Object(CodeIgniter\CodeIgniter))
 6 FCPATH\index.php(56): CodeIgniter\Boot::bootWeb(Object(Config\Paths))
INFO - 2024-07-17 21:32:51 --> Session: Class initialized using 'CodeIgniter\Session\Handlers\FileHandler' driver.
INFO - 2024-07-17 21:32:52 --> Session: Class initialized using 'CodeIgniter\Session\Handlers\FileHandler' driver.
INFO - 2024-07-17 21:33:14 --> Session: Class initialized using 'CodeIgniter\Session\Handlers\FileHandler' driver.
INFO - 2024-07-17 21:36:12 --> Session: Class initialized using 'CodeIgniter\Session\Handlers\FileHandler' driver.
